[debug] [2021-01-22T01:59:31.882Z] ----------------------------------------------------------------------
[debug] [2021-01-22T01:59:31.889Z] Command:       C:\Program Files\nodejs\node.exe C:\Users\Henri\AppData\Roaming\npm\node_modules\firebase-tools\lib\bin\firebase.js deploy
[debug] [2021-01-22T01:59:31.890Z] CLI Version:   9.2.0
[debug] [2021-01-22T01:59:31.890Z] Platform:      win32
[debug] [2021-01-22T01:59:31.891Z] Node Version:  v14.15.0
[debug] [2021-01-22T01:59:31.894Z] Time:          Thu Jan 21 2021 22:59:31 GMT-0300 (Horário Padrão de Brasília)
[debug] [2021-01-22T01:59:31.895Z] ----------------------------------------------------------------------
[debug] [2021-01-22T01:59:31.895Z] 
[debug] [2021-01-22T01:59:31.919Z] > command requires scopes: ["email","openid","https://www.googleapis.com/auth/cloudplatformprojects.readonly","https://www.googleapis.com/auth/firebase","https://www.googleapis.com/auth/cloud-platform"]
[debug] [2021-01-22T01:59:31.920Z] > authorizing via signed-in user
[debug] [2021-01-22T01:59:31.920Z] [iam] checking project ferrari-henrique for permissions ["firebase.projects.get","firebasehosting.sites.update"]
[debug] [2021-01-22T01:59:31.928Z] >>> HTTP REQUEST POST https://cloudresourcemanager.googleapis.com/v1/projects/ferrari-henrique:testIamPermissions  
 {"permissions":["firebase.projects.get","firebasehosting.sites.update"]}
[debug] [2021-01-22T01:59:33.026Z] <<< HTTP RESPONSE 200 {"content-type":"application/json; charset=UTF-8","vary":"X-Origin, Referer, Origin,Accept-Encoding","date":"Fri, 22 Jan 2021 01:59:32 GMT","server":"ESF","cache-control":"private","x-xss-protection":"0","x-frame-options":"SAMEORIGIN","x-content-type-options":"nosniff","server-timing":"gfet4t7; dur=833","alt-svc":"h3-29=\":443\"; ma=2592000,h3-T051=\":443\"; ma=2592000,h3-Q050=\":443\"; ma=2592000,h3-Q046=\":443\"; ma=2592000,h3-Q043=\":443\"; ma=2592000,quic=\":443\"; ma=2592000; v=\"46,43\"","accept-ranges":"none","transfer-encoding":"chunked"}
[debug] [2021-01-22T01:59:33.031Z] > refreshing access token with scopes: []
[debug] [2021-01-22T01:59:33.031Z] >>> HTTP REQUEST POST https://www.googleapis.com/oauth2/v3/token  
 <request body omitted>
[debug] [2021-01-22T01:59:33.292Z] <<< HTTP RESPONSE 200 {"date":"Fri, 22 Jan 2021 01:59:33 GMT","expires":"Mon, 01 Jan 1990 00:00:00 GMT","pragma":"no-cache","cache-control":"no-cache, no-store, max-age=0, must-revalidate","content-type":"application/json; charset=utf-8","vary":"X-Origin, Referer, Origin,Accept-Encoding","server":"scaffolding on HTTPServer2","x-xss-protection":"0","x-frame-options":"SAMEORIGIN","x-content-type-options":"nosniff","alt-svc":"h3-29=\":443\"; ma=2592000,h3-T051=\":443\"; ma=2592000,h3-Q050=\":443\"; ma=2592000,h3-Q046=\":443\"; ma=2592000,h3-Q043=\":443\"; ma=2592000,quic=\":443\"; ma=2592000; v=\"46,43\"","accept-ranges":"none","transfer-encoding":"chunked"}
[debug] [2021-01-22T01:59:33.310Z] >>> [apiv2][query] GET https://firebase.googleapis.com/v1beta1/projects/ferrari-henrique [none]
[debug] [2021-01-22T01:59:33.818Z] <<< [apiv2][status] GET https://firebase.googleapis.com/v1beta1/projects/ferrari-henrique 200
[debug] [2021-01-22T01:59:33.819Z] <<< [apiv2][body] GET https://firebase.googleapis.com/v1beta1/projects/ferrari-henrique {"projectId":"ferrari-henrique","projectNumber":"23167259816","displayName":"ferrari-henrique","name":"projects/ferrari-henrique","resources":{"hostingSite":"ferrari-henrique","storageBucket":"ferrari-henrique.appspot.com","locationId":"southamerica-east1"},"state":"ACTIVE"}
[info] 
[info] === Deploying to 'ferrari-henrique'...
[info] 
[info] i  deploying hosting 
[debug] [2021-01-22T01:59:33.842Z] > refreshing access token with scopes: ["email","https://www.googleapis.com/auth/cloud-platform","https://www.googleapis.com/auth/cloudplatformprojects.readonly","https://www.googleapis.com/auth/firebase","openid"]
[debug] [2021-01-22T01:59:33.843Z] >>> HTTP REQUEST POST https://www.googleapis.com/oauth2/v3/token  
 <request body omitted>
[debug] [2021-01-22T01:59:34.065Z] <<< HTTP RESPONSE 200 {"expires":"Mon, 01 Jan 1990 00:00:00 GMT","cache-control":"no-cache, no-store, max-age=0, must-revalidate","date":"Fri, 22 Jan 2021 01:59:33 GMT","pragma":"no-cache","content-type":"application/json; charset=utf-8","vary":"X-Origin, Referer, Origin,Accept-Encoding","server":"scaffolding on HTTPServer2","x-xss-protection":"0","x-frame-options":"SAMEORIGIN","x-content-type-options":"nosniff","alt-svc":"h3-29=\":443\"; ma=2592000,h3-T051=\":443\"; ma=2592000,h3-Q050=\":443\"; ma=2592000,h3-Q046=\":443\"; ma=2592000,h3-Q043=\":443\"; ma=2592000,quic=\":443\"; ma=2592000; v=\"46,43\"","accept-ranges":"none","transfer-encoding":"chunked"}
[debug] [2021-01-22T01:59:34.084Z] Error: EPERM: operation not permitted, rename 'C:\Users\Henri\.config\configstore\firebase-tools.json.635603936' -> 'C:\Users\Henri\.config\configstore\firebase-tools.json'
    at Object.renameSync (fs.js:772:3)
    at Function.writeFileSync [as sync] (C:\Users\Henri\AppData\Roaming\npm\node_modules\firebase-tools\node_modules\write-file-atomic\index.js:244:8)
    at Configstore.set all [as all] (C:\Users\Henri\AppData\Roaming\npm\node_modules\firebase-tools\node_modules\configstore\index.js:61:20)
    at Configstore.set (C:\Users\Henri\AppData\Roaming\npm\node_modules\firebase-tools\node_modules\configstore\index.js:91:12)
    at C:\Users\Henri\AppData\Roaming\npm\node_modules\firebase-tools\lib\auth.js:288:25
    at processTicksAndRejections (internal/process/task_queues.js:93:5)
    at async Promise.all (index 0)
[error] 
[error] Error: An unexpected error has occurred.
