22:53:42.435 INFO [GridLauncherV3.parse] - Selenium server version: 3.141.59, revision: e82be7d358
22:53:42.754 INFO [GridLauncherV3.lambda$buildLaunchers$3] - Launching a standalone Selenium Server on port 4444
2021-01-15 22:53:43.031:INFO::main: Logging initialized @1390ms to org.seleniumhq.jetty9.util.log.StdErrLog
22:53:44.189 INFO [WebDriverServlet.<init>] - Initialising WebDriverServlet
22:53:44.971 INFO [SeleniumServer.boot] - Selenium Server is up and running on port 4444
22:53:47.988 INFO [ActiveSessionFactory.apply] - Capabilities are: {
  "acceptSslCerts": true,
  "browserName": "chrome",
  "chromeOptions": {
    "w3c": false,
    "args": [
      "disable-gpu"
    ]
  },
  "javascriptEnabled": true,
  "name": "Register"
}
22:53:47.994 INFO [ActiveSessionFactory.lambda$apply$11] - Matched factory org.openqa.selenium.grid.session.remote.ServicedSession$Factory (provider: org.openqa.selenium.chrome.ChromeDriverService)
Starting ChromeDriver 87.0.4280.20 (c99e81631faa0b2a448e658c0dbd8311fb04ddbd-refs/branch-heads/4280@{#355}) on port 25784
Only local connections are allowed.
Please see https://chromedriver.chromium.org/security-considerations for suggestions on keeping ChromeDriver safe.
ChromeDriver was started successfully.
22:53:54.834 INFO [ProtocolHandshake.createSession] - Detected dialect: OSS
22:53:55.497 INFO [RemoteSession$Factory.lambda$performHandshake$0] - Started new session fb925fa9326ce5c75593659beeefb6e1 (org.openqa.selenium.chrome.ChromeDriverService)
22:54:01.901 INFO [ActiveSessions$1.onStop] - Removing session fb925fa9326ce5c75593659beeefb6e1 (org.openqa.selenium.chrome.ChromeDriverService)
22:54:02.008 INFO [ActiveSessionFactory.apply] - Capabilities are: {
  "acceptSslCerts": true,
  "browserName": "chrome",
  "chromeOptions": {
    "w3c": false,
    "args": [
      "disable-gpu"
    ]
  },
  "javascriptEnabled": true,
  "name": "Register"
}
22:54:02.009 INFO [ActiveSessionFactory.lambda$apply$11] - Matched factory org.openqa.selenium.grid.session.remote.ServicedSession$Factory (provider: org.openqa.selenium.chrome.ChromeDriverService)
Starting ChromeDriver 87.0.4280.20 (c99e81631faa0b2a448e658c0dbd8311fb04ddbd-refs/branch-heads/4280@{#355}) on port 18048
Only local connections are allowed.
Please see https://chromedriver.chromium.org/security-considerations for suggestions on keeping ChromeDriver safe.
ChromeDriver was started successfully.
22:54:07.574 INFO [ProtocolHandshake.createSession] - Detected dialect: OSS
22:54:07.697 INFO [RemoteSession$Factory.lambda$performHandshake$0] - Started new session 66cbf1db0f1db9f5fc57a5f3a5c0b6db (org.openqa.selenium.chrome.ChromeDriverService)
22:54:13.636 INFO [ActiveSessions$1.onStop] - Removing session 66cbf1db0f1db9f5fc57a5f3a5c0b6db (org.openqa.selenium.chrome.ChromeDriverService)
